<?xml version="1.0" encoding="UTF-8"?>
<testng-results ignored="4" total="5" passed="1" failed="0" skipped="0">
  <reporter-output>
  </reporter-output>
  <suite started-at="2022-10-25T15:55:45 EDT" name="Default suite" finished-at="2022-10-25T15:55:47 EDT" duration-ms="1971">
    <groups>
    </groups>
    <test started-at="2022-10-25T15:55:45 EDT" name="Default test" finished-at="2022-10-25T15:55:47 EDT" duration-ms="1971">
      <class name="com.test.tekarchapitest.SimpleCRUD">
        <test-method is-config="true" signature="setUp()[pri:0, instance:com.test.tekarchapitest.SimpleCRUD@3fc2959f]" started-at="2022-10-25T15:55:45 EDT" name="setUp" finished-at="2022-10-25T15:55:45 EDT" duration-ms="657" status="PASS">
          <reporter-output>
          </reporter-output>
        </test-method> <!-- setUp -->
        <test-method signature="deleteUserInfo()[pri:0, instance:com.test.tekarchapitest.SimpleCRUD@3fc2959f]" started-at="2022-10-25T15:55:45 EDT" name="deleteUserInfo" finished-at="2022-10-25T15:55:47 EDT" duration-ms="1277" status="PASS">
          <reporter-output>
          </reporter-output>
        </test-method> <!-- deleteUserInfo -->
      </class> <!-- com.test.tekarchapitest.SimpleCRUD -->
    </test> <!-- Default test -->
  </suite> <!-- Default suite -->
</testng-results>
