<?xml version="1.0" encoding="UTF-8"?>
<!-- Generated by org.testng.reporters.JUnitXMLReporter -->
<testsuite ignored="4" hostname="NP2008" failures="0" tests="1" name="Default test" time="1.971" errors="0" timestamp="2022-10-25T15:55:47 EDT">
  <testcase classname="com.test.tekarchapitest.SimpleCRUD" name="deleteUserInfo" time="1.277"/>
  <testcase classname="com.test.tekarchapitest.SimpleCRUD" name="TC3createUSerDetails" time="0.0">
    <ignored/>
  </testcase> <!-- TC3createUSerDetails -->
  <testcase classname="com.test.tekarchapitest.SimpleCRUD" name="createUSerDetails" time="0.0">
    <ignored/>
  </testcase> <!-- createUSerDetails -->
  <testcase classname="com.test.tekarchapitest.SimpleCRUD" name="getUserDetails" time="0.0">
    <ignored/>
  </testcase> <!-- getUserDetails -->
  <testcase classname="com.test.tekarchapitest.SimpleCRUD" name="TC2getUserDetails" time="0.0">
    <ignored/>
  </testcase> <!-- TC2getUserDetails -->
</testsuite> <!-- Default test -->
